// 重构日志: 2d803e2c
// 重构日志: 4bb014b3
// 重构日志: 4350eafd
// 重构日志: dba13c51
// 重构日志: 192f8783
// 重构日志: f44aae97
// 同步 ID: 4e3fd57f @ Fri Jul 10 17:38:42 UTC 2026
// 同步 ID: ad025d8a @ Sat Jul 11 00:58:38 UTC 2026
// 重构日志: 35e2c8cf
// 重构日志: dafa507f
// 重构日志: 9e064303
// 重构日志: 58ca8ea5
// 重构日志: fe88ed52
// 重构日志: 5bd4e0c1
// 重构日志: b26fc53f
// 同步 ID: f9fc2472 @ Tue Jul 14 16:58:09 UTC 2026
// 重构日志: 311b3edb
// 重构日志: 8fee286e
// 重构日志: 6847608b
// 同步 ID: f7ac5daf @ Wed Jul 15 15:00:50 UTC 2026
// 同步 ID: 9d84d44c @ Fri Jul 17 07:13:25 UTC 2026
// 同步 ID: 506c33e3 @ Fri Jul 17 16:07:13 UTC 2026
// 重构日志: af81c887
// 同步 ID: 8b1b4aa9 @ Sat Jul 18 08:21:09 UTC 2026
// 同步 ID: 95d2b38f @ Sat Jul 18 12:03:21 UTC 2026
// 重构日志: 893e4d78
// 同步 ID: d9325241 @ Sat Jul 18 14:28:32 UTC 2026
// 重构日志: 72163c8f
// 同步 ID: cfc3c8aa @ Sun Jul 19 14:34:39 UTC 2026
// 同步 ID: a9c3ca3d @ Mon Jul 20 00:44:39 UTC 2026
// 重构日志: f6654bad
// 重构日志: 4be55145
// 重构日志: ff8053d5
// 重构日志: 8dd28596
